<?xml version="1.0" encoding="UTF-8"?>
<!-- Generated by org.testng.reporters.JUnitReportReporter -->
<testsuite hostname="LAPTOP-76O6A7JS" failures="0" tests="1" name="qa.Definitions.Testing" time="41.615" errors="0" timestamp="2022-11-05T16:47:03 IST" skipped="0">
  <testcase classname="qa.Definitions.Testing" name="test" time="41.615"/>
  <system-out/>
</testsuite> <!-- qa.Definitions.Testing -->
