<?xml version="1.0" encoding="UTF-8"?>
<!-- Generated by org.testng.reporters.JUnitReportReporter -->
<testsuite hostname="LAPTOP-76O6A7JS" failures="0" tests="5" name="qa.Definitions.AutoTest_TestRunner" time="175.879" errors="0" timestamp="2022-11-05T19:02:01 IST" skipped="0">
  <testcase classname="qa.Definitions.AutoTest_TestRunner" name="runScenario" time="32.468"/>
  <system-out/>
  <testcase classname="qa.Definitions.AutoTest_TestRunner" name="runScenario" time="31.647"/>
  <system-out/>
  <testcase classname="qa.Definitions.AutoTest_TestRunner" name="runScenario" time="63.617"/>
  <system-out/>
  <testcase classname="qa.Definitions.AutoTest_TestRunner" name="runScenario" time="26.533"/>
  <system-out/>
  <testcase classname="qa.Definitions.AutoTest_TestRunner" name="runScenario" time="21.614"/>
  <system-out/>
</testsuite> <!-- qa.Definitions.AutoTest_TestRunner -->
